<component name="libraryTable">
  <library name="JUnit">
    <CLASSES>
      <root url="jar://$PROJECT_DIR$/../../../javalibs/junit/hamcrest-core-1.3.jar!/" />
      <root url="jar://$PROJECT_DIR$/../../../javalibs/junit/junit-4.12.jar!/" />
    </CLASSES>
    <JAVADOC>
      <root url="jar://$PROJECT_DIR$/../../../javalibs/junit/hamcrest-core-1.3-javadoc.jar!/" />
      <root url="jar://$PROJECT_DIR$/../../../javalibs/junit/junit-4.12-javadoc.jar!/" />
    </JAVADOC>
    <SOURCES>
      <root url="jar://$PROJECT_DIR$/../../../javalibs/junit/hamcrest-core-1.3-sources.jar!/" />
      <root url="jar://$PROJECT_DIR$/../../../javalibs/junit/junit-4.12-sources.jar!/" />
    </SOURCES>
  </library>
</component>